MATERIAL DATABASE EXPORT VERSION = 1

MATERIAL_NAME = "43"; MATERIAL_TYPE = 1;
{
    ALIAS_NAME1                    ""
    ALIAS_NAME2                    ""
    ALIAS_NAME3                    ""
    PROFILE_DENSITY                7.850000E+003
    PLATE_DENSITY                  7.850000E+003
    MODULUS_OF_ELASTICITY          1.999480E+011
    POISSONS_RATIO                 3.000000E-001
    THERMAL_DILATATION             1.170000E-005
    ACTIVE_DESIGN_CODE             2
    AISC.YIELD_STRENGTH            0.000000E+000
    AISC.ULTIMATE_STRENGTH         0.000000E+000
    EC3.FY_UNDER_40_MM             0.000000E+000
    EC3.FY_40_TO_100_MM            0.000000E+000
    EC3.FU_UNDER_40_MM             0.000000E+000
    EC3.FU_40_TO_100_MM            0.000000E+000
};

MATERIAL_NAME = "43A"; MATERIAL_TYPE = 1;
{
    ALIAS_NAME1                    ""
    ALIAS_NAME2                    ""
    ALIAS_NAME3                    ""
    PROFILE_DENSITY                7.850000E+003
    PLATE_DENSITY                  7.850000E+003
    MODULUS_OF_ELASTICITY          1.999480E+011
    POISSONS_RATIO                 3.000000E-001
    THERMAL_DILATATION             1.170000E-005
    ACTIVE_DESIGN_CODE             2
    AISC.YIELD_STRENGTH            0.000000E+000
    AISC.ULTIMATE_STRENGTH         0.000000E+000
    EC3.FY_UNDER_40_MM             0.000000E+000
    EC3.FY_40_TO_100_MM            0.000000E+000
    EC3.FU_UNDER_40_MM             0.000000E+000
    EC3.FU_40_TO_100_MM            0.000000E+000
};

MATERIAL_NAME = "50"; MATERIAL_TYPE = 1;
{
    ALIAS_NAME1                    ""
    ALIAS_NAME2                    ""
    ALIAS_NAME3                    ""
    PROFILE_DENSITY                7.850000E+003
    PLATE_DENSITY                  7.850000E+003
    MODULUS_OF_ELASTICITY          1.999480E+011
    POISSONS_RATIO                 3.000000E-001
    THERMAL_DILATATION             1.170000E-005
    ACTIVE_DESIGN_CODE             2
    AISC.YIELD_STRENGTH            0.000000E+000
    AISC.ULTIMATE_STRENGTH         0.000000E+000
    EC3.FY_UNDER_40_MM             0.000000E+000
    EC3.FY_40_TO_100_MM            0.000000E+000
    EC3.FU_UNDER_40_MM             0.000000E+000
    EC3.FU_40_TO_100_MM            0.000000E+000
};

MATERIAL_NAME = "55"; MATERIAL_TYPE = 1;
{
    ALIAS_NAME1                    ""
    ALIAS_NAME2                    ""
    ALIAS_NAME3                    ""
    PROFILE_DENSITY                7.850000E+003
    PLATE_DENSITY                  7.850000E+003
    MODULUS_OF_ELASTICITY          1.999480E+011
    POISSONS_RATIO                 3.000000E-001
    THERMAL_DILATATION             1.170000E-005
    ACTIVE_DESIGN_CODE             2
    AISC.YIELD_STRENGTH            0.000000E+000
    AISC.ULTIMATE_STRENGTH         0.000000E+000
    EC3.FY_UNDER_40_MM             0.000000E+000
    EC3.FY_40_TO_100_MM            0.000000E+000
    EC3.FU_UNDER_40_MM             0.000000E+000
    EC3.FU_40_TO_100_MM            0.000000E+000
};

MATERIAL_NAME = "300W"; MATERIAL_TYPE = 1;
{
    ALIAS_NAME1                    ""
    ALIAS_NAME2                    ""
    ALIAS_NAME3                    ""
    PROFILE_DENSITY                7.850000E+003
    PLATE_DENSITY                  7.850000E+003
    MODULUS_OF_ELASTICITY          1.999480E+011
    POISSONS_RATIO                 3.000000E-001
    THERMAL_DILATATION             1.170000E-005
    ACTIVE_DESIGN_CODE             2
    AISC.YIELD_STRENGTH            0.000000E+000
    AISC.ULTIMATE_STRENGTH         0.000000E+000
    EC3.FY_UNDER_40_MM             0.000000E+000
    EC3.FY_40_TO_100_MM            0.000000E+000
    EC3.FU_UNDER_40_MM             0.000000E+000
    EC3.FU_40_TO_100_MM            0.000000E+000
};

MATERIAL_NAME = "304 SS"; MATERIAL_TYPE = 1;
{
    ALIAS_NAME1                    ""
    ALIAS_NAME2                    ""
    ALIAS_NAME3                    ""
    PROFILE_DENSITY                8.000000E+003
    PLATE_DENSITY                  8.000000E+003
    MODULUS_OF_ELASTICITY          1.999480E+011
    POISSONS_RATIO                 3.000000E-001
    THERMAL_DILATATION             1.170000E-005
    ACTIVE_DESIGN_CODE             2
    AISC.YIELD_STRENGTH            0.000000E+000
    AISC.ULTIMATE_STRENGTH         0.000000E+000
    EC3.FY_UNDER_40_MM             0.000000E+000
    EC3.FY_40_TO_100_MM            0.000000E+000
    EC3.FU_UNDER_40_MM             0.000000E+000
    EC3.FU_40_TO_100_MM            0.000000E+000
};

MATERIAL_NAME = "350W"; MATERIAL_TYPE = 1;
{
    ALIAS_NAME1                    ""
    ALIAS_NAME2                    ""
    ALIAS_NAME3                    ""
    PROFILE_DENSITY                7.850000E+003
    PLATE_DENSITY                  7.850000E+003
    MODULUS_OF_ELASTICITY          1.999480E+011
    POISSONS_RATIO                 3.000000E-001
    THERMAL_DILATATION             1.170000E-005
    ACTIVE_DESIGN_CODE             2
    AISC.YIELD_STRENGTH            0.000000E+000
    AISC.ULTIMATE_STRENGTH         0.000000E+000
    EC3.FY_UNDER_40_MM             0.000000E+000
    EC3.FY_40_TO_100_MM            0.000000E+000
    EC3.FU_UNDER_40_MM             0.000000E+000
    EC3.FU_40_TO_100_MM            0.000000E+000
};

MATERIAL_NAME = "A36"; MATERIAL_TYPE = 1;
{
    ALIAS_NAME1                    ""
    ALIAS_NAME2                    ""
    ALIAS_NAME3                    ""
    PROFILE_DENSITY                7.850000E+003
    PLATE_DENSITY                  7.850000E+003
    MODULUS_OF_ELASTICITY          1.999480E+011
    POISSONS_RATIO                 3.000000E-001
    THERMAL_DILATATION             1.170000E-005
    ACTIVE_DESIGN_CODE             2
    AISC.YIELD_STRENGTH            2.482113E+008
    AISC.ULTIMATE_STRENGTH         3.998959E+008
    EC3.FY_UNDER_40_MM             0.000000E+000
    EC3.FY_40_TO_100_MM            0.000000E+000
    EC3.FU_UNDER_40_MM             0.000000E+000
    EC3.FU_40_TO_100_MM            0.000000E+000
};

MATERIAL_NAME = "A36 CPL"; MATERIAL_TYPE = 1;
{
    ALIAS_NAME1                    ""
    ALIAS_NAME2                    ""
    ALIAS_NAME3                    ""
    PROFILE_DENSITY                8.700000E+003
    PLATE_DENSITY                  8.700000E+003
    MODULUS_OF_ELASTICITY          1.999480E+011
    POISSONS_RATIO                 3.000000E-001
    THERMAL_DILATATION             1.170000E-005
    ACTIVE_DESIGN_CODE             2
    AISC.YIELD_STRENGTH            0.000000E+000
    AISC.ULTIMATE_STRENGTH         0.000000E+000
    EC3.FY_UNDER_40_MM             0.000000E+000
    EC3.FY_40_TO_100_MM            0.000000E+000
    EC3.FU_UNDER_40_MM             0.000000E+000
    EC3.FU_40_TO_100_MM            0.000000E+000
};

MATERIAL_NAME = "A36 GR"; MATERIAL_TYPE = 1;
{
    ALIAS_NAME1                    ""
    ALIAS_NAME2                    ""
    ALIAS_NAME3                    ""
    PROFILE_DENSITY                1.425000E+003
    PLATE_DENSITY                  1.425000E+003
    MODULUS_OF_ELASTICITY          1.999480E+011
    POISSONS_RATIO                 3.000000E-001
    THERMAL_DILATATION             1.170000E-005
    ACTIVE_DESIGN_CODE             2
    AISC.YIELD_STRENGTH            2.482113E+008
    AISC.ULTIMATE_STRENGTH         3.998959E+008
    EC3.FY_UNDER_40_MM             0.000000E+000
    EC3.FY_40_TO_100_MM            0.000000E+000
    EC3.FU_UNDER_40_MM             0.000000E+000
    EC3.FU_40_TO_100_MM            0.000000E+000
};

MATERIAL_NAME = "A36 GR       30"; MATERIAL_TYPE = 1;
{
    ALIAS_NAME1                    ""
    ALIAS_NAME2                    ""
    ALIAS_NAME3                    ""
    PROFILE_DENSITY                1.430640E+003
    PLATE_DENSITY                  1.430640E+003
    MODULUS_OF_ELASTICITY          1.999480E+011
    POISSONS_RATIO                 3.000000E-001
    THERMAL_DILATATION             1.170000E-005
    ACTIVE_DESIGN_CODE             2
    AISC.YIELD_STRENGTH            2.482113E+008
    AISC.ULTIMATE_STRENGTH         3.998959E+008
    EC3.FY_UNDER_40_MM             0.000000E+000
    EC3.FY_40_TO_100_MM            0.000000E+000
    EC3.FU_UNDER_40_MM             0.000000E+000
    EC3.FU_40_TO_100_MM            0.000000E+000
};

MATERIAL_NAME = "A36."; MATERIAL_TYPE = 1;
{
    ALIAS_NAME1                    ""
    ALIAS_NAME2                    ""
    ALIAS_NAME3                    ""
    PROFILE_DENSITY                6.575000E+003
    PLATE_DENSITY                  6.575000E+003
    MODULUS_OF_ELASTICITY          1.999480E+011
    POISSONS_RATIO                 3.000000E-001
    THERMAL_DILATATION             1.170000E-005
    ACTIVE_DESIGN_CODE             2
    AISC.YIELD_STRENGTH            0.000000E+000
    AISC.ULTIMATE_STRENGTH         0.000000E+000
    EC3.FY_UNDER_40_MM             0.000000E+000
    EC3.FY_40_TO_100_MM            0.000000E+000
    EC3.FU_UNDER_40_MM             0.000000E+000
    EC3.FU_40_TO_100_MM            0.000000E+000
};

MATERIAL_NAME = "A53"; MATERIAL_TYPE = 1;
{
    ALIAS_NAME1                    ""
    ALIAS_NAME2                    ""
    ALIAS_NAME3                    ""
    PROFILE_DENSITY                7.850000E+003
    PLATE_DENSITY                  7.850000E+003
    MODULUS_OF_ELASTICITY          1.999480E+011
    POISSONS_RATIO                 3.000000E-001
    THERMAL_DILATATION             1.170000E-005
    ACTIVE_DESIGN_CODE             2
    AISC.YIELD_STRENGTH            0.000000E+000
    AISC.ULTIMATE_STRENGTH         0.000000E+000
    EC3.FY_UNDER_40_MM             0.000000E+000
    EC3.FY_40_TO_100_MM            0.000000E+000
    EC3.FU_UNDER_40_MM             0.000000E+000
    EC3.FU_40_TO_100_MM            0.000000E+000
};

MATERIAL_NAME = "A242-42"; MATERIAL_TYPE = 1;
{
    ALIAS_NAME1                    ""
    ALIAS_NAME2                    ""
    ALIAS_NAME3                    ""
    PROFILE_DENSITY                7.850000E+003
    PLATE_DENSITY                  7.850000E+003
    MODULUS_OF_ELASTICITY          1.999480E+011
    POISSONS_RATIO                 3.000000E-001
    THERMAL_DILATATION             1.170000E-005
    ACTIVE_DESIGN_CODE             2
    AISC.YIELD_STRENGTH            2.895798E+008
    AISC.ULTIMATE_STRENGTH         4.343697E+008
    EC3.FY_UNDER_40_MM             0.000000E+000
    EC3.FY_40_TO_100_MM            0.000000E+000
    EC3.FU_UNDER_40_MM             0.000000E+000
    EC3.FU_40_TO_100_MM            0.000000E+000
};

MATERIAL_NAME = "A242-46"; MATERIAL_TYPE = 1;
{
    ALIAS_NAME1                    ""
    ALIAS_NAME2                    ""
    ALIAS_NAME3                    ""
    PROFILE_DENSITY                7.850000E+003
    PLATE_DENSITY                  7.850000E+003
    MODULUS_OF_ELASTICITY          1.999480E+011
    POISSONS_RATIO                 3.000000E-001
    THERMAL_DILATATION             1.170000E-005
    ACTIVE_DESIGN_CODE             2
    AISC.YIELD_STRENGTH            3.171588E+008
    AISC.ULTIMATE_STRENGTH         4.619487E+008
    EC3.FY_UNDER_40_MM             0.000000E+000
    EC3.FY_40_TO_100_MM            0.000000E+000
    EC3.FU_UNDER_40_MM             0.000000E+000
    EC3.FU_40_TO_100_MM            0.000000E+000
};

MATERIAL_NAME = "A242-50"; MATERIAL_TYPE = 1;
{
    ALIAS_NAME1                    ""
    ALIAS_NAME2                    ""
    ALIAS_NAME3                    ""
    PROFILE_DENSITY                7.850000E+003
    PLATE_DENSITY                  7.850000E+003
    MODULUS_OF_ELASTICITY          1.999480E+011
    POISSONS_RATIO                 3.000000E-001
    THERMAL_DILATATION             1.170000E-005
    ACTIVE_DESIGN_CODE             2
    AISC.YIELD_STRENGTH            3.447379E+008
    AISC.ULTIMATE_STRENGTH         4.826330E+008
    EC3.FY_UNDER_40_MM             0.000000E+000
    EC3.FY_40_TO_100_MM            0.000000E+000
    EC3.FU_UNDER_40_MM             0.000000E+000
    EC3.FU_40_TO_100_MM            0.000000E+000
};

MATERIAL_NAME = "A307"; MATERIAL_TYPE = 1;
{
    ALIAS_NAME1                    ""
    ALIAS_NAME2                    ""
    ALIAS_NAME3                    ""
    PROFILE_DENSITY                7.850000E+003
    PLATE_DENSITY                  7.850000E+003
    MODULUS_OF_ELASTICITY          1.999480E+011
    POISSONS_RATIO                 3.000000E-001
    THERMAL_DILATATION             1.170000E-005
    ACTIVE_DESIGN_CODE             2
    AISC.YIELD_STRENGTH            0.000000E+000
    AISC.ULTIMATE_STRENGTH         0.000000E+000
    EC3.FY_UNDER_40_MM             0.000000E+000
    EC3.FY_40_TO_100_MM            0.000000E+000
    EC3.FU_UNDER_40_MM             0.000000E+000
    EC3.FU_40_TO_100_MM            0.000000E+000
};

MATERIAL_NAME = "A325"; MATERIAL_TYPE = 1;
{
    ALIAS_NAME1                    ""
    ALIAS_NAME2                    ""
    ALIAS_NAME3                    ""
    PROFILE_DENSITY                7.850000E+003
    PLATE_DENSITY                  7.850000E+003
    MODULUS_OF_ELASTICITY          1.999480E+011
    POISSONS_RATIO                 3.000000E-001
    THERMAL_DILATATION             1.170000E-005
    ACTIVE_DESIGN_CODE             2
    AISC.YIELD_STRENGTH            0.000000E+000
    AISC.ULTIMATE_STRENGTH         0.000000E+000
    EC3.FY_UNDER_40_MM             0.000000E+000
    EC3.FY_40_TO_100_MM            0.000000E+000
    EC3.FU_UNDER_40_MM             0.000000E+000
    EC3.FU_40_TO_100_MM            0.000000E+000
};

MATERIAL_NAME = "A441"; MATERIAL_TYPE = 1;
{
    ALIAS_NAME1                    ""
    ALIAS_NAME2                    ""
    ALIAS_NAME3                    ""
    PROFILE_DENSITY                7.850000E+003
    PLATE_DENSITY                  7.850000E+003
    MODULUS_OF_ELASTICITY          1.999480E+011
    POISSONS_RATIO                 3.000000E-001
    THERMAL_DILATATION             1.170000E-005
    ACTIVE_DESIGN_CODE             2
    AISC.YIELD_STRENGTH            2.757903E+008
    AISC.ULTIMATE_STRENGTH         4.136854E+008
    EC3.FY_UNDER_40_MM             0.000000E+000
    EC3.FY_40_TO_100_MM            0.000000E+000
    EC3.FU_UNDER_40_MM             0.000000E+000
    EC3.FU_40_TO_100_MM            0.000000E+000
};

MATERIAL_NAME = "A441-40"; MATERIAL_TYPE = 1;
{
    ALIAS_NAME1                    ""
    ALIAS_NAME2                    ""
    ALIAS_NAME3                    ""
    PROFILE_DENSITY                7.850000E+003
    PLATE_DENSITY                  7.850000E+003
    MODULUS_OF_ELASTICITY          1.999480E+011
    POISSONS_RATIO                 3.000000E-001
    THERMAL_DILATATION             1.170000E-005
    ACTIVE_DESIGN_CODE             2
    AISC.YIELD_STRENGTH            2.757903E+008
    AISC.ULTIMATE_STRENGTH         4.136854E+008
    EC3.FY_UNDER_40_MM             0.000000E+000
    EC3.FY_40_TO_100_MM            0.000000E+000
    EC3.FU_UNDER_40_MM             0.000000E+000
    EC3.FU_40_TO_100_MM            0.000000E+000
};

MATERIAL_NAME = "A441-42"; MATERIAL_TYPE = 1;
{
    ALIAS_NAME1                    ""
    ALIAS_NAME2                    ""
    ALIAS_NAME3                    ""
    PROFILE_DENSITY                7.850000E+003
    PLATE_DENSITY                  7.850000E+003
    MODULUS_OF_ELASTICITY          1.999480E+011
    POISSONS_RATIO                 3.000000E-001
    THERMAL_DILATATION             1.170000E-005
    ACTIVE_DESIGN_CODE             2
    AISC.YIELD_STRENGTH            2.895798E+008
    AISC.ULTIMATE_STRENGTH         4.343697E+008
    EC3.FY_UNDER_40_MM             0.000000E+000
    EC3.FY_40_TO_100_MM            0.000000E+000
    EC3.FU_UNDER_40_MM             0.000000E+000
    EC3.FU_40_TO_100_MM            0.000000E+000
};

MATERIAL_NAME = "A441-46"; MATERIAL_TYPE = 1;
{
    ALIAS_NAME1                    ""
    ALIAS_NAME2                    ""
    ALIAS_NAME3                    ""
    PROFILE_DENSITY                7.850000E+003
    PLATE_DENSITY                  7.850000E+003
    MODULUS_OF_ELASTICITY          1.999480E+011
    POISSONS_RATIO                 3.000000E-001
    THERMAL_DILATATION             1.170000E-005
    ACTIVE_DESIGN_CODE             2
    AISC.YIELD_STRENGTH            3.171588E+008
    AISC.ULTIMATE_STRENGTH         4.619487E+008
    EC3.FY_UNDER_40_MM             0.000000E+000
    EC3.FY_40_TO_100_MM            0.000000E+000
    EC3.FU_UNDER_40_MM             0.000000E+000
    EC3.FU_40_TO_100_MM            0.000000E+000
};

MATERIAL_NAME = "A441-50"; MATERIAL_TYPE = 1;
{
    ALIAS_NAME1                    ""
    ALIAS_NAME2                    ""
    ALIAS_NAME3                    ""
    PROFILE_DENSITY                7.850000E+003
    PLATE_DENSITY                  7.850000E+003
    MODULUS_OF_ELASTICITY          1.999480E+011
    POISSONS_RATIO                 3.000000E-001
    THERMAL_DILATATION             1.170000E-005
    ACTIVE_DESIGN_CODE             2
    AISC.YIELD_STRENGTH            3.447379E+008
    AISC.ULTIMATE_STRENGTH         4.826330E+008
    EC3.FY_UNDER_40_MM             0.000000E+000
    EC3.FY_40_TO_100_MM            0.000000E+000
    EC3.FU_UNDER_40_MM             0.000000E+000
    EC3.FU_40_TO_100_MM            0.000000E+000
};

MATERIAL_NAME = "A490"; MATERIAL_TYPE = 1;
{
    ALIAS_NAME1                    ""
    ALIAS_NAME2                    ""
    ALIAS_NAME3                    ""
    PROFILE_DENSITY                7.850000E+003
    PLATE_DENSITY                  7.850000E+003
    MODULUS_OF_ELASTICITY          1.999480E+011
    POISSONS_RATIO                 3.000000E-001
    THERMAL_DILATATION             1.170000E-005
    ACTIVE_DESIGN_CODE             2
    AISC.YIELD_STRENGTH            0.000000E+000
    AISC.ULTIMATE_STRENGTH         0.000000E+000
    EC3.FY_UNDER_40_MM             0.000000E+000
    EC3.FY_40_TO_100_MM            0.000000E+000
    EC3.FU_UNDER_40_MM             0.000000E+000
    EC3.FU_40_TO_100_MM            0.000000E+000
};

MATERIAL_NAME = "A500"; MATERIAL_TYPE = 1;
{
    ALIAS_NAME1                    ""
    ALIAS_NAME2                    ""
    ALIAS_NAME3                    ""
    PROFILE_DENSITY                7.850000E+003
    PLATE_DENSITY                  7.850000E+003
    MODULUS_OF_ELASTICITY          1.999480E+011
    POISSONS_RATIO                 3.000000E-001
    THERMAL_DILATATION             1.170000E-005
    ACTIVE_DESIGN_CODE             2
    AISC.YIELD_STRENGTH            0.000000E+000
    AISC.ULTIMATE_STRENGTH         0.000000E+000
    EC3.FY_UNDER_40_MM             0.000000E+000
    EC3.FY_40_TO_100_MM            0.000000E+000
    EC3.FU_UNDER_40_MM             0.000000E+000
    EC3.FU_40_TO_100_MM            0.000000E+000
};

MATERIAL_NAME = "A500-GR.B"; MATERIAL_TYPE = 1;
{
    ALIAS_NAME1                    ""
    ALIAS_NAME2                    ""
    ALIAS_NAME3                    ""
    PROFILE_DENSITY                7.850000E+003
    PLATE_DENSITY                  7.850000E+003
    MODULUS_OF_ELASTICITY          1.999480E+011
    POISSONS_RATIO                 3.000000E-001
    THERMAL_DILATATION             1.170000E-005
    ACTIVE_DESIGN_CODE             2
    AISC.YIELD_STRENGTH            0.000000E+000
    AISC.ULTIMATE_STRENGTH         0.000000E+000
    EC3.FY_UNDER_40_MM             0.000000E+000
    EC3.FY_40_TO_100_MM            0.000000E+000
    EC3.FU_UNDER_40_MM             0.000000E+000
    EC3.FU_40_TO_100_MM            0.000000E+000
};

MATERIAL_NAME = "A514-90"; MATERIAL_TYPE = 1;
{
    ALIAS_NAME1                    ""
    ALIAS_NAME2                    ""
    ALIAS_NAME3                    ""
    PROFILE_DENSITY                7.850000E+003
    PLATE_DENSITY                  7.850000E+003
    MODULUS_OF_ELASTICITY          1.999480E+011
    POISSONS_RATIO                 3.000000E-001
    THERMAL_DILATATION             1.170000E-005
    ACTIVE_DESIGN_CODE             2
    AISC.YIELD_STRENGTH            6.205281E+008
    AISC.ULTIMATE_STRENGTH         6.894757E+008
    EC3.FY_UNDER_40_MM             0.000000E+000
    EC3.FY_40_TO_100_MM            0.000000E+000
    EC3.FU_UNDER_40_MM             0.000000E+000
    EC3.FU_40_TO_100_MM            0.000000E+000
};

MATERIAL_NAME = "A514-100"; MATERIAL_TYPE = 1;
{
    ALIAS_NAME1                    ""
    ALIAS_NAME2                    ""
    ALIAS_NAME3                    ""
    PROFILE_DENSITY                7.850000E+003
    PLATE_DENSITY                  7.850000E+003
    MODULUS_OF_ELASTICITY          1.999480E+011
    POISSONS_RATIO                 3.000000E-001
    THERMAL_DILATATION             1.170000E-005
    ACTIVE_DESIGN_CODE             2
    AISC.YIELD_STRENGTH            6.894757E+008
    AISC.ULTIMATE_STRENGTH         7.584233E+008
    EC3.FY_UNDER_40_MM             0.000000E+000
    EC3.FY_40_TO_100_MM            0.000000E+000
    EC3.FU_UNDER_40_MM             0.000000E+000
    EC3.FU_40_TO_100_MM            0.000000E+000
};

MATERIAL_NAME = "A529-42"; MATERIAL_TYPE = 1;
{
    ALIAS_NAME1                    ""
    ALIAS_NAME2                    ""
    ALIAS_NAME3                    ""
    PROFILE_DENSITY                7.850000E+003
    PLATE_DENSITY                  7.850000E+003
    MODULUS_OF_ELASTICITY          1.999480E+011
    POISSONS_RATIO                 3.000000E-001
    THERMAL_DILATATION             1.170000E-005
    ACTIVE_DESIGN_CODE             2
    AISC.YIELD_STRENGTH            2.895798E+008
    AISC.ULTIMATE_STRENGTH         4.136854E+008
    EC3.FY_UNDER_40_MM             0.000000E+000
    EC3.FY_40_TO_100_MM            0.000000E+000
    EC3.FU_UNDER_40_MM             0.000000E+000
    EC3.FU_40_TO_100_MM            0.000000E+000
};

MATERIAL_NAME = "A529-50"; MATERIAL_TYPE = 1;
{
    ALIAS_NAME1                    ""
    ALIAS_NAME2                    ""
    ALIAS_NAME3                    ""
    PROFILE_DENSITY                7.850000E+003
    PLATE_DENSITY                  7.850000E+003
    MODULUS_OF_ELASTICITY          1.999480E+011
    POISSONS_RATIO                 3.000000E-001
    THERMAL_DILATATION             1.170000E-005
    ACTIVE_DESIGN_CODE             2
    AISC.YIELD_STRENGTH            3.447379E+008
    AISC.ULTIMATE_STRENGTH         4.826330E+008
    EC3.FY_UNDER_40_MM             0.000000E+000
    EC3.FY_40_TO_100_MM            0.000000E+000
    EC3.FU_UNDER_40_MM             0.000000E+000
    EC3.FU_40_TO_100_MM            0.000000E+000
};

MATERIAL_NAME = "A572"; MATERIAL_TYPE = 1;
{
    ALIAS_NAME1                    ""
    ALIAS_NAME2                    ""
    ALIAS_NAME3                    ""
    PROFILE_DENSITY                7.850000E+003
    PLATE_DENSITY                  7.850000E+003
    MODULUS_OF_ELASTICITY          1.999480E+011
    POISSONS_RATIO                 3.000000E-001
    THERMAL_DILATATION             1.170000E-005
    ACTIVE_DESIGN_CODE             2
    AISC.YIELD_STRENGTH            2.895798E+008
    AISC.ULTIMATE_STRENGTH         4.136854E+008
    EC3.FY_UNDER_40_MM             0.000000E+000
    EC3.FY_40_TO_100_MM            0.000000E+000
    EC3.FU_UNDER_40_MM             0.000000E+000
    EC3.FU_40_TO_100_MM            0.000000E+000
};

MATERIAL_NAME = "A572-42"; MATERIAL_TYPE = 1;
{
    ALIAS_NAME1                    ""
    ALIAS_NAME2                    ""
    ALIAS_NAME3                    ""
    PROFILE_DENSITY                7.850000E+003
    PLATE_DENSITY                  7.850000E+003
    MODULUS_OF_ELASTICITY          1.999480E+011
    POISSONS_RATIO                 3.000000E-001
    THERMAL_DILATATION             1.170000E-005
    ACTIVE_DESIGN_CODE             2
    AISC.YIELD_STRENGTH            2.895798E+008
    AISC.ULTIMATE_STRENGTH         4.136854E+008
    EC3.FY_UNDER_40_MM             0.000000E+000
    EC3.FY_40_TO_100_MM            0.000000E+000
    EC3.FU_UNDER_40_MM             0.000000E+000
    EC3.FU_40_TO_100_MM            0.000000E+000
};

MATERIAL_NAME = "A572-50"; MATERIAL_TYPE = 1;
{
    ALIAS_NAME1                    "A572-Gr.50"
    ALIAS_NAME2                    "A572-Gr50"
    ALIAS_NAME3                    "A572Gr50"
    PROFILE_DENSITY                7.850000E+003
    PLATE_DENSITY                  7.850000E+003
    MODULUS_OF_ELASTICITY          1.999480E+011
    POISSONS_RATIO                 3.000000E-001
    THERMAL_DILATATION             1.170000E-005
    ACTIVE_DESIGN_CODE             2
    AISC.YIELD_STRENGTH            3.447379E+008
    AISC.ULTIMATE_STRENGTH         4.481592E+008
    EC3.FY_UNDER_40_MM             0.000000E+000
    EC3.FY_40_TO_100_MM            0.000000E+000
    EC3.FU_UNDER_40_MM             0.000000E+000
    EC3.FU_40_TO_100_MM            0.000000E+000
};

MATERIAL_NAME = "A572-60"; MATERIAL_TYPE = 1;
{
    ALIAS_NAME1                    ""
    ALIAS_NAME2                    ""
    ALIAS_NAME3                    ""
    PROFILE_DENSITY                7.850000E+003
    PLATE_DENSITY                  7.850000E+003
    MODULUS_OF_ELASTICITY          1.999480E+011
    POISSONS_RATIO                 3.000000E-001
    THERMAL_DILATATION             1.260000E-005
    ACTIVE_DESIGN_CODE             2
    AISC.YIELD_STRENGTH            4.136854E+008
    AISC.ULTIMATE_STRENGTH         5.171068E+008
    EC3.FY_UNDER_40_MM             0.000000E+000
    EC3.FY_40_TO_100_MM            0.000000E+000
    EC3.FU_UNDER_40_MM             0.000000E+000
    EC3.FU_40_TO_100_MM            0.000000E+000
};

MATERIAL_NAME = "A572-65"; MATERIAL_TYPE = 1;
{
    ALIAS_NAME1                    ""
    ALIAS_NAME2                    ""
    ALIAS_NAME3                    ""
    PROFILE_DENSITY                7.850000E+003
    PLATE_DENSITY                  7.850000E+003
    MODULUS_OF_ELASTICITY          1.999480E+011
    POISSONS_RATIO                 3.000000E-001
    THERMAL_DILATATION             1.170000E-005
    ACTIVE_DESIGN_CODE             2
    AISC.YIELD_STRENGTH            4.481592E+008
    AISC.ULTIMATE_STRENGTH         5.515806E+008
    EC3.FY_UNDER_40_MM             0.000000E+000
    EC3.FY_40_TO_100_MM            0.000000E+000
    EC3.FU_UNDER_40_MM             0.000000E+000
    EC3.FU_40_TO_100_MM            0.000000E+000
};

MATERIAL_NAME = "A588-42"; MATERIAL_TYPE = 1;
{
    ALIAS_NAME1                    ""
    ALIAS_NAME2                    ""
    ALIAS_NAME3                    ""
    PROFILE_DENSITY                7.850000E+003
    PLATE_DENSITY                  7.850000E+003
    MODULUS_OF_ELASTICITY          1.999480E+011
    POISSONS_RATIO                 3.000000E-001
    THERMAL_DILATATION             1.170000E-005
    ACTIVE_DESIGN_CODE             2
    AISC.YIELD_STRENGTH            2.895798E+008
    AISC.ULTIMATE_STRENGTH         4.343697E+008
    EC3.FY_UNDER_40_MM             0.000000E+000
    EC3.FY_40_TO_100_MM            0.000000E+000
    EC3.FU_UNDER_40_MM             0.000000E+000
    EC3.FU_40_TO_100_MM            0.000000E+000
};

MATERIAL_NAME = "A588-46"; MATERIAL_TYPE = 1;
{
    ALIAS_NAME1                    ""
    ALIAS_NAME2                    ""
    ALIAS_NAME3                    ""
    PROFILE_DENSITY                7.850000E+003
    PLATE_DENSITY                  7.850000E+003
    MODULUS_OF_ELASTICITY          1.999480E+011
    POISSONS_RATIO                 3.000000E-001
    THERMAL_DILATATION             1.170000E-005
    ACTIVE_DESIGN_CODE             2
    AISC.YIELD_STRENGTH            3.171588E+008
    AISC.ULTIMATE_STRENGTH         4.619487E+008
    EC3.FY_UNDER_40_MM             0.000000E+000
    EC3.FY_40_TO_100_MM            0.000000E+000
    EC3.FU_UNDER_40_MM             0.000000E+000
    EC3.FU_40_TO_100_MM            0.000000E+000
};

MATERIAL_NAME = "A588-50"; MATERIAL_TYPE = 1;
{
    ALIAS_NAME1                    ""
    ALIAS_NAME2                    ""
    ALIAS_NAME3                    ""
    PROFILE_DENSITY                7.850000E+003
    PLATE_DENSITY                  7.850000E+003
    MODULUS_OF_ELASTICITY          1.999480E+011
    POISSONS_RATIO                 3.000000E-001
    THERMAL_DILATATION             1.170000E-005
    ACTIVE_DESIGN_CODE             2
    AISC.YIELD_STRENGTH            3.447379E+008
    AISC.ULTIMATE_STRENGTH         4.826330E+008
    EC3.FY_UNDER_40_MM             0.000000E+000
    EC3.FY_40_TO_100_MM            0.000000E+000
    EC3.FU_UNDER_40_MM             0.000000E+000
    EC3.FU_40_TO_100_MM            0.000000E+000
};

MATERIAL_NAME = "A852"; MATERIAL_TYPE = 1;
{
    ALIAS_NAME1                    ""
    ALIAS_NAME2                    ""
    ALIAS_NAME3                    ""
    PROFILE_DENSITY                7.850000E+003
    PLATE_DENSITY                  7.850000E+003
    MODULUS_OF_ELASTICITY          1.999480E+011
    POISSONS_RATIO                 3.000000E-001
    THERMAL_DILATATION             1.170000E-005
    ACTIVE_DESIGN_CODE             2
    AISC.YIELD_STRENGTH            4.826330E+008
    AISC.ULTIMATE_STRENGTH         6.205281E+008
    EC3.FY_UNDER_40_MM             0.000000E+000
    EC3.FY_40_TO_100_MM            0.000000E+000
    EC3.FU_UNDER_40_MM             0.000000E+000
    EC3.FU_40_TO_100_MM            0.000000E+000
};

MATERIAL_NAME = "A992"; MATERIAL_TYPE = 1;
{
    ALIAS_NAME1                    ""
    ALIAS_NAME2                    ""
    ALIAS_NAME3                    ""
    PROFILE_DENSITY                7.850000E+003
    PLATE_DENSITY                  7.850000E+003
    MODULUS_OF_ELASTICITY          1.999480E+011
    POISSONS_RATIO                 3.000000E-001
    THERMAL_DILATATION             1.170000E-005
    ACTIVE_DESIGN_CODE             2
    AISC.YIELD_STRENGTH            3.447379E+008
    AISC.ULTIMATE_STRENGTH         4.481592E+008
    EC3.FY_UNDER_40_MM             0.000000E+000
    EC3.FY_40_TO_100_MM            0.000000E+000
    EC3.FU_UNDER_40_MM             0.000000E+000
    EC3.FU_40_TO_100_MM            0.000000E+000
};

MATERIAL_NAME = "A1011"; MATERIAL_TYPE = 1;
{
    ALIAS_NAME1                    ""
    ALIAS_NAME2                    ""
    ALIAS_NAME3                    ""
    PROFILE_DENSITY                1.423000E+003
    PLATE_DENSITY                  1.423000E+003
    MODULUS_OF_ELASTICITY          1.999480E+011
    POISSONS_RATIO                 3.000000E-001
    THERMAL_DILATATION             1.170000E-005
    ACTIVE_DESIGN_CODE             2
    AISC.YIELD_STRENGTH            0.000000E+000
    AISC.ULTIMATE_STRENGTH         0.000000E+000
    EC3.FY_UNDER_40_MM             0.000000E+000
    EC3.FY_40_TO_100_MM            0.000000E+000
    EC3.FU_UNDER_40_MM             0.000000E+000
    EC3.FU_40_TO_100_MM            0.000000E+000
};

MATERIAL_NAME = "A1011."; MATERIAL_TYPE = 1;
{
    ALIAS_NAME1                    ""
    ALIAS_NAME2                    ""
    ALIAS_NAME3                    ""
    PROFILE_DENSITY                1.375000E+003
    PLATE_DENSITY                  1.375000E+003
    MODULUS_OF_ELASTICITY          1.999480E+011
    POISSONS_RATIO                 3.000000E-001
    THERMAL_DILATATION             1.170000E-005
    ACTIVE_DESIGN_CODE             2
    AISC.YIELD_STRENGTH            0.000000E+000
    AISC.ULTIMATE_STRENGTH         0.000000E+000
    EC3.FY_UNDER_40_MM             0.000000E+000
    EC3.FY_40_TO_100_MM            0.000000E+000
    EC3.FU_UNDER_40_MM             0.000000E+000
    EC3.FU_40_TO_100_MM            0.000000E+000
};

MATERIAL_NAME = "DUMMY"; MATERIAL_TYPE = 1;
{
    ALIAS_NAME1                    ""
    ALIAS_NAME2                    ""
    ALIAS_NAME3                    ""
    PROFILE_DENSITY                0.000000E+000
    PLATE_DENSITY                  0.000000E+000
    MODULUS_OF_ELASTICITY          0.000000E+000
    POISSONS_RATIO                 0.000000E+000
    THERMAL_DILATATION             0.000000E+000
    ACTIVE_DESIGN_CODE             2
    AISC.YIELD_STRENGTH            0.000000E+000
    AISC.ULTIMATE_STRENGTH         0.000000E+000
    EC3.FY_UNDER_40_MM             0.000000E+000
    EC3.FY_40_TO_100_MM            0.000000E+000
    EC3.FU_UNDER_40_MM             0.000000E+000
    EC3.FU_40_TO_100_MM            0.000000E+000
};

MATERIAL_NAME = "FE50"; MATERIAL_TYPE = 1;
{
    ALIAS_NAME1                    ""
    ALIAS_NAME2                    ""
    ALIAS_NAME3                    ""
    PROFILE_DENSITY                7.850000E+003
    PLATE_DENSITY                  7.850000E+003
    MODULUS_OF_ELASTICITY          1.999480E+011
    POISSONS_RATIO                 3.000000E-001
    THERMAL_DILATATION             1.170000E-005
    ACTIVE_DESIGN_CODE             2
    AISC.YIELD_STRENGTH            0.000000E+000
    AISC.ULTIMATE_STRENGTH         0.000000E+000
    EC3.FY_UNDER_40_MM             0.000000E+000
    EC3.FY_40_TO_100_MM            0.000000E+000
    EC3.FU_UNDER_40_MM             0.000000E+000
    EC3.FU_40_TO_100_MM            0.000000E+000
};

MATERIAL_NAME = "FE430"; MATERIAL_TYPE = 1;
{
    ALIAS_NAME1                    ""
    ALIAS_NAME2                    ""
    ALIAS_NAME3                    ""
    PROFILE_DENSITY                7.850000E+003
    PLATE_DENSITY                  7.850000E+003
    MODULUS_OF_ELASTICITY          1.999480E+011
    POISSONS_RATIO                 3.000000E-001
    THERMAL_DILATATION             1.170000E-005
    ACTIVE_DESIGN_CODE             2
    AISC.YIELD_STRENGTH            0.000000E+000
    AISC.ULTIMATE_STRENGTH         0.000000E+000
    EC3.FY_UNDER_40_MM             0.000000E+000
    EC3.FY_40_TO_100_MM            0.000000E+000
    EC3.FU_UNDER_40_MM             0.000000E+000
    EC3.FU_40_TO_100_MM            0.000000E+000
};

MATERIAL_NAME = "FE510"; MATERIAL_TYPE = 1;
{
    ALIAS_NAME1                    ""
    ALIAS_NAME2                    ""
    ALIAS_NAME3                    ""
    PROFILE_DENSITY                7.850000E+003
    PLATE_DENSITY                  7.850000E+003
    MODULUS_OF_ELASTICITY          1.999480E+011
    POISSONS_RATIO                 3.000000E-001
    THERMAL_DILATATION             1.170000E-005
    ACTIVE_DESIGN_CODE             2
    AISC.YIELD_STRENGTH            0.000000E+000
    AISC.ULTIMATE_STRENGTH         0.000000E+000
    EC3.FY_UNDER_40_MM             0.000000E+000
    EC3.FY_40_TO_100_MM            0.000000E+000
    EC3.FU_UNDER_40_MM             0.000000E+000
    EC3.FU_40_TO_100_MM            0.000000E+000
};

MATERIAL_NAME = "GR50"; MATERIAL_TYPE = 1;
{
    ALIAS_NAME1                    ""
    ALIAS_NAME2                    ""
    ALIAS_NAME3                    ""
    PROFILE_DENSITY                7.850000E+003
    PLATE_DENSITY                  7.850000E+003
    MODULUS_OF_ELASTICITY          1.999480E+011
    POISSONS_RATIO                 3.000000E-001
    THERMAL_DILATATION             1.170000E-005
    ACTIVE_DESIGN_CODE             2
    AISC.YIELD_STRENGTH            2.482113E+008
    AISC.ULTIMATE_STRENGTH         3.998959E+008
    EC3.FY_UNDER_40_MM             0.000000E+000
    EC3.FY_40_TO_100_MM            0.000000E+000
    EC3.FU_UNDER_40_MM             0.000000E+000
    EC3.FU_40_TO_100_MM            0.000000E+000
};

MATERIAL_NAME = "GRTA_1"; MATERIAL_TYPE = 1;
{
    ALIAS_NAME1                    ""
    ALIAS_NAME2                    ""
    ALIAS_NAME3                    ""
    PROFILE_DENSITY                5.000000E+002
    PLATE_DENSITY                  5.000000E+002
    MODULUS_OF_ELASTICITY          1.999480E+011
    POISSONS_RATIO                 3.000000E-001
    THERMAL_DILATATION             1.170000E-005
    ACTIVE_DESIGN_CODE             2
    AISC.YIELD_STRENGTH            0.000000E+000
    AISC.ULTIMATE_STRENGTH         0.000000E+000
    EC3.FY_UNDER_40_MM             0.000000E+000
    EC3.FY_40_TO_100_MM            0.000000E+000
    EC3.FU_UNDER_40_MM             0.000000E+000
    EC3.FU_40_TO_100_MM            0.000000E+000
};

MATERIAL_NAME = "GRTA_1_1/2"; MATERIAL_TYPE = 1;
{
    ALIAS_NAME1                    ""
    ALIAS_NAME2                    ""
    ALIAS_NAME3                    ""
    PROFILE_DENSITY                5.000000E+002
    PLATE_DENSITY                  5.000000E+002
    MODULUS_OF_ELASTICITY          1.999480E+011
    POISSONS_RATIO                 3.000000E-001
    THERMAL_DILATATION             1.170000E-005
    ACTIVE_DESIGN_CODE             2
    AISC.YIELD_STRENGTH            0.000000E+000
    AISC.ULTIMATE_STRENGTH         0.000000E+000
    EC3.FY_UNDER_40_MM             0.000000E+000
    EC3.FY_40_TO_100_MM            0.000000E+000
    EC3.FU_UNDER_40_MM             0.000000E+000
    EC3.FU_40_TO_100_MM            0.000000E+000
};

MATERIAL_NAME = "GRTA_1_1/4"; MATERIAL_TYPE = 1;
{
    ALIAS_NAME1                    ""
    ALIAS_NAME2                    ""
    ALIAS_NAME3                    ""
    PROFILE_DENSITY                4.920000E+002
    PLATE_DENSITY                  4.920000E+002
    MODULUS_OF_ELASTICITY          1.999480E+011
    POISSONS_RATIO                 3.000000E-001
    THERMAL_DILATATION             1.170000E-005
    ACTIVE_DESIGN_CODE             2
    AISC.YIELD_STRENGTH            0.000000E+000
    AISC.ULTIMATE_STRENGTH         0.000000E+000
    EC3.FY_UNDER_40_MM             0.000000E+000
    EC3.FY_40_TO_100_MM            0.000000E+000
    EC3.FU_UNDER_40_MM             0.000000E+000
    EC3.FU_40_TO_100_MM            0.000000E+000
};

MATERIAL_NAME = "GRTS_1"; MATERIAL_TYPE = 1;
{
    ALIAS_NAME1                    ""
    ALIAS_NAME2                    ""
    ALIAS_NAME3                    ""
    PROFILE_DENSITY                1.442000E+003
    PLATE_DENSITY                  1.442000E+003
    MODULUS_OF_ELASTICITY          1.999480E+011
    POISSONS_RATIO                 3.000000E-001
    THERMAL_DILATATION             1.170000E-005
    ACTIVE_DESIGN_CODE             2
    AISC.YIELD_STRENGTH            0.000000E+000
    AISC.ULTIMATE_STRENGTH         0.000000E+000
    EC3.FY_UNDER_40_MM             0.000000E+000
    EC3.FY_40_TO_100_MM            0.000000E+000
    EC3.FU_UNDER_40_MM             0.000000E+000
    EC3.FU_40_TO_100_MM            0.000000E+000
};

MATERIAL_NAME = "GRTS_1_1/2"; MATERIAL_TYPE = 1;
{
    ALIAS_NAME1                    ""
    ALIAS_NAME2                    ""
    ALIAS_NAME3                    ""
    PROFILE_DENSITY                1.384000E+003
    PLATE_DENSITY                  1.384000E+003
    MODULUS_OF_ELASTICITY          1.999480E+011
    POISSONS_RATIO                 3.000000E-001
    THERMAL_DILATATION             1.170000E-005
    ACTIVE_DESIGN_CODE             2
    AISC.YIELD_STRENGTH            0.000000E+000
    AISC.ULTIMATE_STRENGTH         0.000000E+000
    EC3.FY_UNDER_40_MM             0.000000E+000
    EC3.FY_40_TO_100_MM            0.000000E+000
    EC3.FU_UNDER_40_MM             0.000000E+000
    EC3.FU_40_TO_100_MM            0.000000E+000
};

MATERIAL_NAME = "GRTS_1_1/4"; MATERIAL_TYPE = 1;
{
    ALIAS_NAME1                    ""
    ALIAS_NAME2                    ""
    ALIAS_NAME3                    ""
    PROFILE_DENSITY                1.399000E+003
    PLATE_DENSITY                  1.399000E+003
    MODULUS_OF_ELASTICITY          1.999480E+011
    POISSONS_RATIO                 3.000000E-001
    THERMAL_DILATATION             1.170000E-005
    ACTIVE_DESIGN_CODE             2
    AISC.YIELD_STRENGTH            0.000000E+000
    AISC.ULTIMATE_STRENGTH         0.000000E+000
    EC3.FY_UNDER_40_MM             0.000000E+000
    EC3.FY_40_TO_100_MM            0.000000E+000
    EC3.FU_UNDER_40_MM             0.000000E+000
    EC3.FU_40_TO_100_MM            0.000000E+000
};

MATERIAL_NAME = "S235J0"; MATERIAL_TYPE = 1;
{
    ALIAS_NAME1                    "Fe360C"
    ALIAS_NAME2                    "St37-3U"
    ALIAS_NAME3                    "40C"
    PROFILE_DENSITY                7.850000E+003
    PLATE_DENSITY                  7.850000E+003
    MODULUS_OF_ELASTICITY          2.100000E+011
    POISSONS_RATIO                 3.000000E-001
    THERMAL_DILATATION             1.200000E-005
    ACTIVE_DESIGN_CODE             1
    AISC.YIELD_STRENGTH            0.000000E+000
    AISC.ULTIMATE_STRENGTH         0.000000E+000
    EC3.FY_UNDER_40_MM             2.350000E+008
    EC3.FY_40_TO_100_MM            2.150000E+008
    EC3.FU_UNDER_40_MM             3.600000E+008
    EC3.FU_40_TO_100_MM            3.400000E+008
};

MATERIAL_NAME = "S235J2G3"; MATERIAL_TYPE = 1;
{
    ALIAS_NAME1                    "Fe360D1"
    ALIAS_NAME2                    "St37-3N"
    ALIAS_NAME3                    "40D"
    PROFILE_DENSITY                7.850000E+003
    PLATE_DENSITY                  7.850000E+003
    MODULUS_OF_ELASTICITY          2.100000E+011
    POISSONS_RATIO                 3.000000E-001
    THERMAL_DILATATION             1.200000E-005
    ACTIVE_DESIGN_CODE             1
    AISC.YIELD_STRENGTH            0.000000E+000
    AISC.ULTIMATE_STRENGTH         0.000000E+000
    EC3.FY_UNDER_40_MM             2.350000E+008
    EC3.FY_40_TO_100_MM            2.150000E+008
    EC3.FU_UNDER_40_MM             3.600000E+008
    EC3.FU_40_TO_100_MM            3.400000E+008
};

MATERIAL_NAME = "S235J2G4"; MATERIAL_TYPE = 1;
{
    ALIAS_NAME1                    "Fe360D2"
    ALIAS_NAME2                    ""
    ALIAS_NAME3                    ""
    PROFILE_DENSITY                7.850000E+003
    PLATE_DENSITY                  7.850000E+003
    MODULUS_OF_ELASTICITY          2.100000E+011
    POISSONS_RATIO                 3.000000E-001
    THERMAL_DILATATION             1.200000E-005
    ACTIVE_DESIGN_CODE             1
    AISC.YIELD_STRENGTH            0.000000E+000
    AISC.ULTIMATE_STRENGTH         0.000000E+000
    EC3.FY_UNDER_40_MM             2.350000E+008
    EC3.FY_40_TO_100_MM            2.150000E+008
    EC3.FU_UNDER_40_MM             3.600000E+008
    EC3.FU_40_TO_100_MM            3.400000E+008
};

MATERIAL_NAME = "S235JR"; MATERIAL_TYPE = 1;
{
    ALIAS_NAME1                    "Fe360B"
    ALIAS_NAME2                    "St37-2"
    ALIAS_NAME3                    ""
    PROFILE_DENSITY                7.800000E+003
    PLATE_DENSITY                  7.800000E+003
    MODULUS_OF_ELASTICITY          1.999480E+011
    POISSONS_RATIO                 3.000000E-001
    THERMAL_DILATATION             1.170000E-005
    ACTIVE_DESIGN_CODE             2
    AISC.YIELD_STRENGTH            0.000000E+000
    AISC.ULTIMATE_STRENGTH         0.000000E+000
    EC3.FY_UNDER_40_MM             2.350000E+008
    EC3.FY_40_TO_100_MM            2.150000E+008
    EC3.FU_UNDER_40_MM             3.600000E+008
    EC3.FU_40_TO_100_MM            3.400000E+008
};

MATERIAL_NAME = "S235JRG1"; MATERIAL_TYPE = 1;
{
    ALIAS_NAME1                    "Fe360BFU"
    ALIAS_NAME2                    "USt37-2"
    ALIAS_NAME3                    ""
    PROFILE_DENSITY                7.850000E+003
    PLATE_DENSITY                  7.850000E+003
    MODULUS_OF_ELASTICITY          2.100000E+011
    POISSONS_RATIO                 3.000000E-001
    THERMAL_DILATATION             1.200000E-005
    ACTIVE_DESIGN_CODE             1
    AISC.YIELD_STRENGTH            0.000000E+000
    AISC.ULTIMATE_STRENGTH         0.000000E+000
    EC3.FY_UNDER_40_MM             2.350000E+008
    EC3.FY_40_TO_100_MM            2.150000E+008
    EC3.FU_UNDER_40_MM             3.600000E+008
    EC3.FU_40_TO_100_MM            3.400000E+008
};

MATERIAL_NAME = "S235JRG2"; MATERIAL_TYPE = 1;
{
    ALIAS_NAME1                    "Fe360BFN"
    ALIAS_NAME2                    "RSt37-2"
    ALIAS_NAME3                    "40B"
    PROFILE_DENSITY                7.850000E+003
    PLATE_DENSITY                  7.850000E+003
    MODULUS_OF_ELASTICITY          2.100000E+011
    POISSONS_RATIO                 3.000000E-001
    THERMAL_DILATATION             1.200000E-005
    ACTIVE_DESIGN_CODE             1
    AISC.YIELD_STRENGTH            0.000000E+000
    AISC.ULTIMATE_STRENGTH         0.000000E+000
    EC3.FY_UNDER_40_MM             2.350000E+008
    EC3.FY_40_TO_100_MM            2.150000E+008
    EC3.FU_UNDER_40_MM             3.600000E+008
    EC3.FU_40_TO_100_MM            3.400000E+008
};

MATERIAL_NAME = "S275J0"; MATERIAL_TYPE = 1;
{
    ALIAS_NAME1                    "Fe430C"
    ALIAS_NAME2                    "St44-3U"
    ALIAS_NAME3                    "43C"
    PROFILE_DENSITY                7.850000E+003
    PLATE_DENSITY                  7.850000E+003
    MODULUS_OF_ELASTICITY          1.999480E+011
    POISSONS_RATIO                 3.000000E-001
    THERMAL_DILATATION             1.170000E-005
    ACTIVE_DESIGN_CODE             2
    AISC.YIELD_STRENGTH            0.000000E+000
    AISC.ULTIMATE_STRENGTH         0.000000E+000
    EC3.FY_UNDER_40_MM             2.750000E+008
    EC3.FY_40_TO_100_MM            2.550000E+008
    EC3.FU_UNDER_40_MM             4.300000E+008
    EC3.FU_40_TO_100_MM            4.100000E+008
};

MATERIAL_NAME = "S275J2G3"; MATERIAL_TYPE = 1;
{
    ALIAS_NAME1                    "Fe430D1"
    ALIAS_NAME2                    "St44-3N"
    ALIAS_NAME3                    "43D"
    PROFILE_DENSITY                7.850000E+003
    PLATE_DENSITY                  7.850000E+003
    MODULUS_OF_ELASTICITY          2.100000E+011
    POISSONS_RATIO                 3.000000E-001
    THERMAL_DILATATION             1.200000E-005
    ACTIVE_DESIGN_CODE             1
    AISC.YIELD_STRENGTH            0.000000E+000
    AISC.ULTIMATE_STRENGTH         0.000000E+000
    EC3.FY_UNDER_40_MM             2.750000E+008
    EC3.FY_40_TO_100_MM            2.550000E+008
    EC3.FU_UNDER_40_MM             4.300000E+008
    EC3.FU_40_TO_100_MM            4.100000E+008
};

MATERIAL_NAME = "S275J2G4"; MATERIAL_TYPE = 1;
{
    ALIAS_NAME1                    "Fe430D2"
    ALIAS_NAME2                    ""
    ALIAS_NAME3                    ""
    PROFILE_DENSITY                7.850000E+003
    PLATE_DENSITY                  7.850000E+003
    MODULUS_OF_ELASTICITY          2.100000E+011
    POISSONS_RATIO                 3.000000E-001
    THERMAL_DILATATION             1.200000E-005
    ACTIVE_DESIGN_CODE             1
    AISC.YIELD_STRENGTH            0.000000E+000
    AISC.ULTIMATE_STRENGTH         0.000000E+000
    EC3.FY_UNDER_40_MM             2.750000E+008
    EC3.FY_40_TO_100_MM            2.550000E+008
    EC3.FU_UNDER_40_MM             4.300000E+008
    EC3.FU_40_TO_100_MM            4.100000E+008
};

MATERIAL_NAME = "S275JR"; MATERIAL_TYPE = 1;
{
    ALIAS_NAME1                    "Fe430B"
    ALIAS_NAME2                    "St44-2"
    ALIAS_NAME3                    "43B"
    PROFILE_DENSITY                7.850000E+003
    PLATE_DENSITY                  7.850000E+003
    MODULUS_OF_ELASTICITY          2.100000E+011
    POISSONS_RATIO                 3.000000E-001
    THERMAL_DILATATION             1.200000E-005
    ACTIVE_DESIGN_CODE             1
    AISC.YIELD_STRENGTH            0.000000E+000
    AISC.ULTIMATE_STRENGTH         0.000000E+000
    EC3.FY_UNDER_40_MM             2.750000E+008
    EC3.FY_40_TO_100_MM            2.550000E+008
    EC3.FU_UNDER_40_MM             4.300000E+008
    EC3.FU_40_TO_100_MM            4.100000E+008
};

MATERIAL_NAME = "S355J0"; MATERIAL_TYPE = 1;
{
    ALIAS_NAME1                    "Fe510C"
    ALIAS_NAME2                    "St52-3U"
    ALIAS_NAME3                    "50C"
    PROFILE_DENSITY                7.850000E+003
    PLATE_DENSITY                  7.850000E+003
    MODULUS_OF_ELASTICITY          2.100000E+011
    POISSONS_RATIO                 3.000000E-001
    THERMAL_DILATATION             1.200000E-005
    ACTIVE_DESIGN_CODE             1
    AISC.YIELD_STRENGTH            0.000000E+000
    AISC.ULTIMATE_STRENGTH         0.000000E+000
    EC3.FY_UNDER_40_MM             3.550000E+008
    EC3.FY_40_TO_100_MM            3.350000E+008
    EC3.FU_UNDER_40_MM             5.100000E+008
    EC3.FU_40_TO_100_MM            4.900000E+008
};

MATERIAL_NAME = "S355J2G3"; MATERIAL_TYPE = 1;
{
    ALIAS_NAME1                    "Fe510D1"
    ALIAS_NAME2                    "St52-3N"
    ALIAS_NAME3                    "50D"
    PROFILE_DENSITY                7.850000E+003
    PLATE_DENSITY                  7.850000E+003
    MODULUS_OF_ELASTICITY          2.100000E+011
    POISSONS_RATIO                 3.000000E-001
    THERMAL_DILATATION             1.200000E-005
    ACTIVE_DESIGN_CODE             1
    AISC.YIELD_STRENGTH            0.000000E+000
    AISC.ULTIMATE_STRENGTH         0.000000E+000
    EC3.FY_UNDER_40_MM             3.550000E+008
    EC3.FY_40_TO_100_MM            3.350000E+008
    EC3.FU_UNDER_40_MM             5.100000E+008
    EC3.FU_40_TO_100_MM            4.900000E+008
};

MATERIAL_NAME = "S355J2G4"; MATERIAL_TYPE = 1;
{
    ALIAS_NAME1                    "Fe510D2"
    ALIAS_NAME2                    ""
    ALIAS_NAME3                    ""
    PROFILE_DENSITY                7.850000E+003
    PLATE_DENSITY                  7.850000E+003
    MODULUS_OF_ELASTICITY          2.100000E+011
    POISSONS_RATIO                 3.000000E-001
    THERMAL_DILATATION             1.200000E-005
    ACTIVE_DESIGN_CODE             1
    AISC.YIELD_STRENGTH            0.000000E+000
    AISC.ULTIMATE_STRENGTH         0.000000E+000
    EC3.FY_UNDER_40_MM             3.550000E+008
    EC3.FY_40_TO_100_MM            3.350000E+008
    EC3.FU_UNDER_40_MM             5.100000E+008
    EC3.FU_40_TO_100_MM            4.900000E+008
};

MATERIAL_NAME = "S355JR"; MATERIAL_TYPE = 1;
{
    ALIAS_NAME1                    "Fe510B"
    ALIAS_NAME2                    ""
    ALIAS_NAME3                    "50B"
    PROFILE_DENSITY                7.850000E+003
    PLATE_DENSITY                  7.850000E+003
    MODULUS_OF_ELASTICITY          2.100000E+011
    POISSONS_RATIO                 3.000000E-001
    THERMAL_DILATATION             1.200000E-005
    ACTIVE_DESIGN_CODE             1
    AISC.YIELD_STRENGTH            0.000000E+000
    AISC.ULTIMATE_STRENGTH         0.000000E+000
    EC3.FY_UNDER_40_MM             3.550000E+008
    EC3.FY_40_TO_100_MM            3.350000E+008
    EC3.FU_UNDER_40_MM             5.100000E+008
    EC3.FU_40_TO_100_MM            4.900000E+008
};

MATERIAL_NAME = "S355K2G3"; MATERIAL_TYPE = 1;
{
    ALIAS_NAME1                    "Fe510DD1"
    ALIAS_NAME2                    ""
    ALIAS_NAME3                    ""
    PROFILE_DENSITY                7.850000E+003
    PLATE_DENSITY                  7.850000E+003
    MODULUS_OF_ELASTICITY          2.100000E+011
    POISSONS_RATIO                 3.000000E-001
    THERMAL_DILATATION             1.200000E-005
    ACTIVE_DESIGN_CODE             1
    AISC.YIELD_STRENGTH            0.000000E+000
    AISC.ULTIMATE_STRENGTH         0.000000E+000
    EC3.FY_UNDER_40_MM             3.550000E+008
    EC3.FY_40_TO_100_MM            3.350000E+008
    EC3.FU_UNDER_40_MM             5.100000E+008
    EC3.FU_40_TO_100_MM            4.900000E+008
};

MATERIAL_NAME = "S355K2G4"; MATERIAL_TYPE = 1;
{
    ALIAS_NAME1                    "Fe510DD2"
    ALIAS_NAME2                    ""
    ALIAS_NAME3                    ""
    PROFILE_DENSITY                7.850000E+003
    PLATE_DENSITY                  7.850000E+003
    MODULUS_OF_ELASTICITY          2.100000E+011
    POISSONS_RATIO                 3.000000E-001
    THERMAL_DILATATION             1.200000E-005
    ACTIVE_DESIGN_CODE             1
    AISC.YIELD_STRENGTH            0.000000E+000
    AISC.ULTIMATE_STRENGTH         0.000000E+000
    EC3.FY_UNDER_40_MM             3.550000E+008
    EC3.FY_40_TO_100_MM            3.350000E+008
    EC3.FU_UNDER_40_MM             5.100000E+008
    EC3.FU_40_TO_100_MM            4.900000E+008
};

MATERIAL_NAME = "C12/15"; MATERIAL_TYPE = 2;
{
    ALIAS_NAME1                    ""
    ALIAS_NAME2                    ""
    ALIAS_NAME3                    ""
    PROFILE_DENSITY                2.400000E+003
    PLATE_DENSITY                  2.400000E+003
    MODULUS_OF_ELASTICITY          2.600000E+010
    POISSONS_RATIO                 2.000000E-001
    THERMAL_DILATATION             1.000000E-005
    ACTIVE_DESIGN_CODE             0
};

MATERIAL_NAME = "C16/20"; MATERIAL_TYPE = 2;
{
    ALIAS_NAME1                    ""
    ALIAS_NAME2                    ""
    ALIAS_NAME3                    ""
    PROFILE_DENSITY                2.400000E+003
    PLATE_DENSITY                  2.400000E+003
    MODULUS_OF_ELASTICITY          2.750000E+010
    POISSONS_RATIO                 2.000000E-001
    THERMAL_DILATATION             1.000000E-005
    ACTIVE_DESIGN_CODE             0
};

MATERIAL_NAME = "C20/25"; MATERIAL_TYPE = 2;
{
    ALIAS_NAME1                    ""
    ALIAS_NAME2                    ""
    ALIAS_NAME3                    ""
    PROFILE_DENSITY                2.400000E+003
    PLATE_DENSITY                  2.400000E+003
    MODULUS_OF_ELASTICITY          2.900000E+010
    POISSONS_RATIO                 2.000000E-001
    THERMAL_DILATATION             1.000000E-005
    ACTIVE_DESIGN_CODE             0
};

MATERIAL_NAME = "C25/30"; MATERIAL_TYPE = 2;
{
    ALIAS_NAME1                    ""
    ALIAS_NAME2                    ""
    ALIAS_NAME3                    ""
    PROFILE_DENSITY                2.400000E+003
    PLATE_DENSITY                  2.400000E+003
    MODULUS_OF_ELASTICITY          3.050000E+010
    POISSONS_RATIO                 2.000000E-001
    THERMAL_DILATATION             1.000000E-005
    ACTIVE_DESIGN_CODE             0
};

MATERIAL_NAME = "C30/37"; MATERIAL_TYPE = 2;
{
    ALIAS_NAME1                    ""
    ALIAS_NAME2                    ""
    ALIAS_NAME3                    ""
    PROFILE_DENSITY                2.400000E+003
    PLATE_DENSITY                  2.400000E+003
    MODULUS_OF_ELASTICITY          3.200000E+010
    POISSONS_RATIO                 2.000000E-001
    THERMAL_DILATATION             1.000000E-005
    ACTIVE_DESIGN_CODE             0
};

MATERIAL_NAME = "C35/45"; MATERIAL_TYPE = 2;
{
    ALIAS_NAME1                    ""
    ALIAS_NAME2                    ""
    ALIAS_NAME3                    ""
    PROFILE_DENSITY                2.400000E+003
    PLATE_DENSITY                  2.400000E+003
    MODULUS_OF_ELASTICITY          3.350000E+010
    POISSONS_RATIO                 2.000000E-001
    THERMAL_DILATATION             1.000000E-005
    ACTIVE_DESIGN_CODE             0
};

MATERIAL_NAME = "C40/50"; MATERIAL_TYPE = 2;
{
    ALIAS_NAME1                    ""
    ALIAS_NAME2                    ""
    ALIAS_NAME3                    ""
    PROFILE_DENSITY                2.400000E+003
    PLATE_DENSITY                  2.400000E+003
    MODULUS_OF_ELASTICITY          3.500000E+010
    POISSONS_RATIO                 2.000000E-001
    THERMAL_DILATATION             1.000000E-005
    ACTIVE_DESIGN_CODE             0
};

MATERIAL_NAME = "C45/55"; MATERIAL_TYPE = 2;
{
    ALIAS_NAME1                    ""
    ALIAS_NAME2                    ""
    ALIAS_NAME3                    ""
    PROFILE_DENSITY                2.400000E+003
    PLATE_DENSITY                  2.400000E+003
    MODULUS_OF_ELASTICITY          3.600000E+010
    POISSONS_RATIO                 2.000000E-001
    THERMAL_DILATATION             1.000000E-005
    ACTIVE_DESIGN_CODE             0
};

MATERIAL_NAME = "C50/60"; MATERIAL_TYPE = 2;
{
    ALIAS_NAME1                    ""
    ALIAS_NAME2                    ""
    ALIAS_NAME3                    ""
    PROFILE_DENSITY                2.400000E+003
    PLATE_DENSITY                  2.400000E+003
    MODULUS_OF_ELASTICITY          3.700000E+010
    POISSONS_RATIO                 2.000000E-001
    THERMAL_DILATATION             1.000000E-005
    ACTIVE_DESIGN_CODE             0
};

MATERIAL_NAME = "K25-1"; MATERIAL_TYPE = 2;
{
    ALIAS_NAME1                    ""
    ALIAS_NAME2                    ""
    ALIAS_NAME3                    ""
    PROFILE_DENSITY                2.400000E+003
    PLATE_DENSITY                  2.400000E+003
    MODULUS_OF_ELASTICITY          2.500000E+010
    POISSONS_RATIO                 2.000000E-001
    THERMAL_DILATATION             1.000000E-005
    ACTIVE_DESIGN_CODE             0
};

MATERIAL_NAME = "K25-2"; MATERIAL_TYPE = 2;
{
    ALIAS_NAME1                    ""
    ALIAS_NAME2                    ""
    ALIAS_NAME3                    ""
    PROFILE_DENSITY                2.400000E+003
    PLATE_DENSITY                  2.400000E+003
    MODULUS_OF_ELASTICITY          2.500000E+010
    POISSONS_RATIO                 2.000000E-001
    THERMAL_DILATATION             1.000000E-005
    ACTIVE_DESIGN_CODE             0
};

MATERIAL_NAME = "K30-1"; MATERIAL_TYPE = 2;
{
    ALIAS_NAME1                    ""
    ALIAS_NAME2                    ""
    ALIAS_NAME3                    ""
    PROFILE_DENSITY                2.400000E+003
    PLATE_DENSITY                  2.400000E+003
    MODULUS_OF_ELASTICITY          2.738600E+010
    POISSONS_RATIO                 2.000000E-001
    THERMAL_DILATATION             1.000000E-005
    ACTIVE_DESIGN_CODE             0
};

MATERIAL_NAME = "K30-2"; MATERIAL_TYPE = 2;
{
    ALIAS_NAME1                    ""
    ALIAS_NAME2                    ""
    ALIAS_NAME3                    ""
    PROFILE_DENSITY                2.400000E+003
    PLATE_DENSITY                  2.400000E+003
    MODULUS_OF_ELASTICITY          2.738600E+010
    POISSONS_RATIO                 2.000000E-001
    THERMAL_DILATATION             1.000000E-005
    ACTIVE_DESIGN_CODE             0
};

MATERIAL_NAME = "K35-1"; MATERIAL_TYPE = 2;
{
    ALIAS_NAME1                    ""
    ALIAS_NAME2                    ""
    ALIAS_NAME3                    ""
    PROFILE_DENSITY                2.400000E+003
    PLATE_DENSITY                  2.400000E+003
    MODULUS_OF_ELASTICITY          2.958000E+010
    POISSONS_RATIO                 2.000000E-001
    THERMAL_DILATATION             1.000000E-005
    ACTIVE_DESIGN_CODE             0
};

MATERIAL_NAME = "K35-2"; MATERIAL_TYPE = 2;
{
    ALIAS_NAME1                    ""
    ALIAS_NAME2                    ""
    ALIAS_NAME3                    ""
    PROFILE_DENSITY                2.400000E+003
    PLATE_DENSITY                  2.400000E+003
    MODULUS_OF_ELASTICITY          2.958000E+010
    POISSONS_RATIO                 2.000000E-001
    THERMAL_DILATATION             1.000000E-005
    ACTIVE_DESIGN_CODE             0
};

MATERIAL_NAME = "K40-1"; MATERIAL_TYPE = 2;
{
    ALIAS_NAME1                    ""
    ALIAS_NAME2                    ""
    ALIAS_NAME3                    ""
    PROFILE_DENSITY                2.400000E+003
    PLATE_DENSITY                  2.400000E+003
    MODULUS_OF_ELASTICITY          3.162300E+010
    POISSONS_RATIO                 2.000000E-001
    THERMAL_DILATATION             1.000000E-005
    ACTIVE_DESIGN_CODE             0
};

MATERIAL_NAME = "K40-2"; MATERIAL_TYPE = 2;
{
    ALIAS_NAME1                    ""
    ALIAS_NAME2                    ""
    ALIAS_NAME3                    ""
    PROFILE_DENSITY                2.400000E+003
    PLATE_DENSITY                  2.400000E+003
    MODULUS_OF_ELASTICITY          3.162300E+010
    POISSONS_RATIO                 2.000000E-001
    THERMAL_DILATATION             1.000000E-005
    ACTIVE_DESIGN_CODE             0
};

MATERIAL_NAME = "A400H"; MATERIAL_TYPE = 3;
{
    ALIAS_NAME1                    ""
    ALIAS_NAME2                    ""
    ALIAS_NAME3                    ""
    PROFILE_DENSITY                7.850000E+003
    PLATE_DENSITY                  0.000000E+000
    MODULUS_OF_ELASTICITY          2.000000E+011
    POISSONS_RATIO                 3.000000E-001
    THERMAL_DILATATION             1.000000E-005
    ACTIVE_DESIGN_CODE             0
};

MATERIAL_NAME = "A500H"; MATERIAL_TYPE = 3;
{
    ALIAS_NAME1                    ""
    ALIAS_NAME2                    ""
    ALIAS_NAME3                    ""
    PROFILE_DENSITY                7.850000E+003
    PLATE_DENSITY                  0.000000E+000
    MODULUS_OF_ELASTICITY          2.000000E+011
    POISSONS_RATIO                 3.000000E-001
    THERMAL_DILATATION             1.000000E-005
    ACTIVE_DESIGN_CODE             0
};

MATERIAL_NAME = "A600H"; MATERIAL_TYPE = 3;
{
    ALIAS_NAME1                    ""
    ALIAS_NAME2                    ""
    ALIAS_NAME3                    ""
    PROFILE_DENSITY                7.850000E+003
    PLATE_DENSITY                  0.000000E+000
    MODULUS_OF_ELASTICITY          2.000000E+011
    POISSONS_RATIO                 3.000000E-001
    THERMAL_DILATATION             1.000000E-005
    ACTIVE_DESIGN_CODE             0
};

MATERIAL_NAME = "B500K"; MATERIAL_TYPE = 3;
{
    ALIAS_NAME1                    ""
    ALIAS_NAME2                    ""
    ALIAS_NAME3                    ""
    PROFILE_DENSITY                7.850000E+003
    PLATE_DENSITY                  0.000000E+000
    MODULUS_OF_ELASTICITY          2.000000E+011
    POISSONS_RATIO                 3.000000E-001
    THERMAL_DILATATION             1.000000E-005
    ACTIVE_DESIGN_CODE             0
};

MATERIAL_NAME = "B500P"; MATERIAL_TYPE = 3;
{
    ALIAS_NAME1                    ""
    ALIAS_NAME2                    ""
    ALIAS_NAME3                    ""
    PROFILE_DENSITY                7.850000E+003
    PLATE_DENSITY                  0.000000E+000
    MODULUS_OF_ELASTICITY          2.000000E+011
    POISSONS_RATIO                 3.000000E-001
    THERMAL_DILATATION             1.000000E-005
    ACTIVE_DESIGN_CODE             0
};

MATERIAL_NAME = "S220"; MATERIAL_TYPE = 3;
{
    ALIAS_NAME1                    ""
    ALIAS_NAME2                    ""
    ALIAS_NAME3                    ""
    PROFILE_DENSITY                7.850000E+003
    PLATE_DENSITY                  0.000000E+000
    MODULUS_OF_ELASTICITY          2.000000E+011
    POISSONS_RATIO                 3.000000E-001
    THERMAL_DILATATION             1.000000E-005
    ACTIVE_DESIGN_CODE             0
};

MATERIAL_NAME = "S400"; MATERIAL_TYPE = 3;
{
    ALIAS_NAME1                    ""
    ALIAS_NAME2                    ""
    ALIAS_NAME3                    ""
    PROFILE_DENSITY                7.850000E+003
    PLATE_DENSITY                  0.000000E+000
    MODULUS_OF_ELASTICITY          2.000000E+011
    POISSONS_RATIO                 3.000000E-001
    THERMAL_DILATATION             1.000000E-005
    ACTIVE_DESIGN_CODE             0
};

MATERIAL_NAME = "S500"; MATERIAL_TYPE = 3;
{
    ALIAS_NAME1                    ""
    ALIAS_NAME2                    ""
    ALIAS_NAME3                    ""
    PROFILE_DENSITY                7.850000E+003
    PLATE_DENSITY                  0.000000E+000
    MODULUS_OF_ELASTICITY          2.000000E+011
    POISSONS_RATIO                 3.000000E-001
    THERMAL_DILATATION             1.000000E-005
    ACTIVE_DESIGN_CODE             1
};

PropertyName = "AISC.ULTIMATE_STRENGTH";
{
    Category      = 0;
    MaterialType  = 1;
    DesignCode    = 2;
    LabelString   = "mlbl_Ultimate_strength";
    QuantityType  = 122;
    OrderNumber   = 2;
};

PropertyName = "AISC.YIELD_STRENGTH";
{
    Category      = 0;
    MaterialType  = 1;
    DesignCode    = 2;
    LabelString   = "mlbl_Yield_strength";
    QuantityType  = 122;
    OrderNumber   = 1;
};

PropertyName = "EC3.FU_40_TO_100_MM";
{
    Category      = 0;
    MaterialType  = 1;
    DesignCode    = 1;
    LabelString   = "mlbl_Ultima_strength__40_100_mm";
    QuantityType  = 122;
    OrderNumber   = 4;
};

PropertyName = "EC3.FU_UNDER_40_MM";
{
    Category      = 0;
    MaterialType  = 1;
    DesignCode    = 1;
    LabelString   = "mlbl_Ultimate_strength___40_mm";
    QuantityType  = 122;
    OrderNumber   = 3;
};

PropertyName = "EC3.FY_40_TO_100_MM";
{
    Category      = 0;
    MaterialType  = 1;
    DesignCode    = 1;
    LabelString   = "mlbl_Yield_strength__40_100_mm";
    QuantityType  = 122;
    OrderNumber   = 2;
};

PropertyName = "EC3.FY_UNDER_40_MM";
{
    Category      = 0;
    MaterialType  = 1;
    DesignCode    = 1;
    LabelString   = "mlbl_Yield_strength___40_mm";
    QuantityType  = 122;
    OrderNumber   = 1;
};

